{
  message: 'c:\\Users\\Pepe\\Desktop\\Practicas Platzi\\NodeJS\\platzi-lab-nodejs-auth\\logs',
  level: 'info',
  timestamp: '2023-07-18T01:09:19.522Z'
}
{
  message: '[server] Connected to port 3000',
  level: 'info',
  timestamp: '2023-07-21T13:20:10.989Z'
}
{
  message: '[db] Connected',
  level: 'info',
  timestamp: '2023-07-21T13:20:13.699Z'
}
{
  message: '[profileService] El servicio de profiles no pudo encontrar al usuario: osvaldoL',
  level: 'info',
  timestamp: '2023-07-25T13:08:02.972Z'
}
{
  message: '[profileService] El servicio de profiles no pudo encontrar al usuario: osvaldoL',
  level: 'info',
  timestamp: '2023-07-25T13:10:37.193Z'
}
{
  message: '[profileService] El servicio de profiles no pudo encontrar al usuario: osvaldoL',
  level: 'info',
  timestamp: '2023-07-25T13:11:25.504Z'
}
{
  message: '[profileService] El servicio de profiles no pudo encontrar al usuario: osvaldoL',
  level: 'info',
  timestamp: '2023-07-25T13:12:26.181Z'
}
{
  message: '[profileService] El servicio de profiles no pudo encontrar al usuario: osvaldoL',
  level: 'info',
  timestamp: '2023-07-25T13:16:45.837Z'
}
{
  message: '[profileService] El servicio de profiles no pudo encontrar al usuario: osvaldoL',
  level: 'info',
  timestamp: '2023-07-25T13:17:18.215Z'
}
{
  message: '[profileService] El servicio de profiles no pudo encontrar al usuario: osvaldoL',
  level: 'info',
  timestamp: '2023-07-25T13:18:12.244Z'
}
{
  message: '[profileService] El servicio de actualizacion de profiles actualizo correctamente al usuario: mariaSantos',
  level: 'info',
  timestamp: '2023-07-25T13:36:10.886Z'
}
{
  message: '[profileService] El servicio de actualizacion de profiles actualizo correctamente al usuario: mariaSantos',
  level: 'info',
  timestamp: '2023-07-25T13:39:17.212Z'
}
{
  message: '[profileService] El servicio de actualizacion de profiles actualizo correctamente al usuario: GusLOP',
  level: 'info',
  timestamp: '2023-07-25T13:39:17.225Z'
}
{
  message: '[profileService] El servicio de actualizacion de profiles actualizo correctamente al usuario: mariaSantos',
  level: 'info',
  timestamp: '2023-07-25T13:40:06.180Z'
}
{
  message: '[profileService] El servicio de actualizacion de profiles actualizo correctamente al usuario: GusLOP',
  level: 'info',
  timestamp: '2023-07-25T13:40:06.209Z'
}
{
  message: '[profileService] El servicio de profiles no pudo encontrar al usuario: osvaldoL',
  level: 'info',
  timestamp: '2023-07-25T14:05:00.139Z'
}
{
  message: '[profileService] El servicio de actualizacion de profiles actualizo correctamente al usuario: mariaSantos',
  level: 'info',
  timestamp: '2023-07-25T14:05:00.144Z'
}
{
  message: '[profileService] El servicio de actualizacion de profiles actualizo correctamente al usuario: GusLOP',
  level: 'info',
  timestamp: '2023-07-25T14:05:00.146Z'
}
{
  message: '[profileService] El servicio de profiles no pudo encontrar al usuario: osvaldoL',
  level: 'info',
  timestamp: '2023-07-25T14:13:06.202Z'
}
{
  message: '[profileService] El servicio de actualizacion de profiles actualizo correctamente al usuario: mariaSantos',
  level: 'info',
  timestamp: '2023-07-25T14:13:06.207Z'
}
{
  message: '[profileService] El servicio de actualizacion de profiles actualizo correctamente al usuario: GusLOP',
  level: 'info',
  timestamp: '2023-07-25T14:13:06.210Z'
}
{
  message: '[profileService] El servicio de profiles no pudo encontrar al usuario: osvaldoL',
  level: 'info',
  timestamp: '2023-07-25T14:15:32.070Z'
}
{
  message: '[profileService] El servicio de actualizacion de profiles actualizo correctamente al usuario: mariaSantos',
  level: 'info',
  timestamp: '2023-07-25T14:15:32.077Z'
}
{
  message: '[profileService] El servicio de actualizacion de profiles actualizo correctamente al usuario: GusLOP',
  level: 'info',
  timestamp: '2023-07-25T14:15:32.084Z'
}
{
  message: '[profileService] El servicio de profiles no pudo encontrar al usuario: osvaldoL',
  level: 'info',
  timestamp: '2023-07-25T14:17:16.695Z'
}
{
  message: '[profileService] El servicio de actualizacion de profiles actualizo correctamente al usuario: mariaSantos',
  level: 'info',
  timestamp: '2023-07-25T14:17:16.701Z'
}
{
  message: '[profileService] El servicio de actualizacion de profiles actualizo correctamente al usuario: GusLOP',
  level: 'info',
  timestamp: '2023-07-25T14:17:16.704Z'
}
{
  message: '[profileService] El servicio de profiles no pudo encontrar al usuario: osvaldoL',
  level: 'info',
  timestamp: '2023-07-25T14:18:12.796Z'
}
{
  message: '[profileService] El servicio de actualizacion de profiles actualizo correctamente al usuario: mariaSantos',
  level: 'info',
  timestamp: '2023-07-25T14:18:12.801Z'
}
{
  message: '[profileService] El servicio de actualizacion de profiles actualizo correctamente al usuario: GusLOP',
  level: 'info',
  timestamp: '2023-07-25T14:18:12.804Z'
}
{
  message: '[profileService] El servicio de profiles no pudo encontrar al usuario: osvaldoL',
  level: 'info',
  timestamp: '2023-07-25T14:18:44.762Z'
}
{
  message: '[profileService] El servicio de actualizacion de profiles actualizo correctamente al usuario: mariaSantos',
  level: 'info',
  timestamp: '2023-07-25T14:18:44.768Z'
}
{
  message: '[profileService] El servicio de actualizacion de profiles actualizo correctamente al usuario: GusLOP',
  level: 'info',
  timestamp: '2023-07-25T14:18:44.771Z'
}
{
  message: '[profileService] El servicio de profiles no pudo encontrar al usuario: osvaldoL',
  level: 'info',
  timestamp: '2023-07-25T14:21:36.048Z'
}
{
  message: '[profileService] El servicio de actualizacion de profiles actualizo correctamente al usuario: mariaSantos',
  level: 'info',
  timestamp: '2023-07-25T14:21:36.052Z'
}
{
  message: '[profileService] El servicio de actualizacion de profiles actualizo correctamente al usuario: GusLOP',
  level: 'info',
  timestamp: '2023-07-25T14:21:36.056Z'
}
{
  message: '[profileService] El servicio de profiles no pudo encontrar al usuario: osvaldoL',
  level: 'info',
  timestamp: '2023-07-25T14:22:40.288Z'
}
{
  message: '[profileService] El servicio de actualizacion de profiles actualizo correctamente al usuario: mariaSantos',
  level: 'info',
  timestamp: '2023-07-25T14:22:40.292Z'
}
{
  message: '[profileService] El servicio de actualizacion de profiles actualizo correctamente al usuario: GusLOP',
  level: 'info',
  timestamp: '2023-07-25T14:22:40.296Z'
}
{
  message: '[profileService] El servicio de profiles no pudo encontrar al usuario: osvaldoL',
  level: 'info',
  timestamp: '2023-07-25T14:23:46.281Z'
}
{
  message: '[profileService] El servicio de actualizacion de profiles actualizo correctamente al usuario: mariaSantos',
  level: 'info',
  timestamp: '2023-07-25T14:23:46.286Z'
}
{
  message: '[profileService] El servicio de actualizacion de profiles actualizo correctamente al usuario: GusLOP',
  level: 'info',
  timestamp: '2023-07-25T14:23:46.289Z'
}
{
  message: '[profileService] El servicio de profiles no pudo encontrar al usuario: osvaldoL',
  level: 'info',
  timestamp: '2023-07-25T14:24:39.547Z'
}
{
  message: '[profileService] El servicio de actualizacion de profiles actualizo correctamente al usuario: mariaSantos',
  level: 'info',
  timestamp: '2023-07-25T14:24:39.552Z'
}
{
  message: '[profileService] El servicio de actualizacion de profiles actualizo correctamente al usuario: GusLOP',
  level: 'info',
  timestamp: '2023-07-25T14:24:39.555Z'
}
{
  message: '[profileService] El servicio de profiles no pudo encontrar al usuario: osvaldoL',
  level: 'info',
  timestamp: '2023-07-25T14:26:28.691Z'
}
{
  message: '[profileService] El servicio de actualizacion de profiles actualizo correctamente al usuario: mariaSantos',
  level: 'info',
  timestamp: '2023-07-25T14:26:28.696Z'
}
{
  message: '[profileService] El servicio de actualizacion de profiles actualizo correctamente al usuario: GusLOP',
  level: 'info',
  timestamp: '2023-07-25T14:26:28.698Z'
}
{
  message: '[profileService] El servicio de profiles no pudo encontrar al usuario: osvaldoL',
  level: 'info',
  timestamp: '2023-07-25T14:31:34.365Z'
}
{
  message: '[profileService] El servicio de actualizacion de profiles actualizo correctamente al usuario: mariaSantos',
  level: 'info',
  timestamp: '2023-07-25T14:31:34.370Z'
}
{
  message: '[profileService] El servicio de actualizacion de profiles actualizo correctamente al usuario: GusLOP',
  level: 'info',
  timestamp: '2023-07-25T14:31:34.373Z'
}
{
  message: '[profileService] El servicio de profiles no pudo encontrar al usuario: osvaldoL',
  level: 'info',
  timestamp: '2023-07-25T14:34:22.130Z'
}
{
  message: '[profileService] El servicio de actualizacion de profiles actualizo correctamente al usuario: mariaSantos',
  level: 'info',
  timestamp: '2023-07-25T14:34:22.135Z'
}
{
  message: '[profileService] El servicio de actualizacion de profiles actualizo correctamente al usuario: GusLOP',
  level: 'info',
  timestamp: '2023-07-25T14:34:22.138Z'
}
{
  message: '[profileService] El servicio de profiles no pudo encontrar al usuario: osvaldoL',
  level: 'info',
  timestamp: '2023-07-25T14:36:13.243Z'
}
{
  message: '[profileService] El servicio de actualizacion de profiles actualizo correctamente al usuario: mariaSantos',
  level: 'info',
  timestamp: '2023-07-25T14:36:13.249Z'
}
{
  message: '[profileService] El servicio de actualizacion de profiles actualizo correctamente al usuario: GusLOP',
  level: 'info',
  timestamp: '2023-07-25T14:36:13.251Z'
}
{
  message: '[profileService] El servicio de profiles no pudo encontrar al usuario: osvaldoL',
  level: 'info',
  timestamp: '2023-07-25T14:37:26.880Z'
}
{
  message: '[profileService] El servicio de actualizacion de profiles actualizo correctamente al usuario: mariaSantos',
  level: 'info',
  timestamp: '2023-07-25T14:37:26.885Z'
}
{
  message: '[profileService] El servicio de actualizacion de profiles actualizo correctamente al usuario: GusLOP',
  level: 'info',
  timestamp: '2023-07-25T14:37:26.887Z'
}
{
  message: '[profileService] El servicio de profiles no pudo encontrar al usuario: osvaldoL',
  level: 'info',
  timestamp: '2023-07-25T14:39:03.078Z'
}
{
  message: '[profileService] El servicio de actualizacion de profiles actualizo correctamente al usuario: mariaSantos',
  level: 'info',
  timestamp: '2023-07-25T14:39:03.083Z'
}
{
  message: '[profileService] El servicio de actualizacion de profiles actualizo correctamente al usuario: GusLOP',
  level: 'info',
  timestamp: '2023-07-25T14:39:03.086Z'
}
{
  message: '[profileService] El servicio de profiles no pudo encontrar al usuario: osvaldoL',
  level: 'info',
  timestamp: '2023-07-25T14:40:44.297Z'
}
{
  message: '[profileService] El servicio de actualizacion de profiles actualizo correctamente al usuario: mariaSantos',
  level: 'info',
  timestamp: '2023-07-25T14:40:44.302Z'
}
{
  message: '[profileService] El servicio de actualizacion de profiles actualizo correctamente al usuario: GusLOP',
  level: 'info',
  timestamp: '2023-07-25T14:40:44.304Z'
}
{
  message: '[profileService] El servicio de profiles no pudo encontrar al usuario: osvaldoL',
  level: 'info',
  timestamp: '2023-07-25T14:42:00.136Z'
}
{
  message: '[profileService] El servicio de actualizacion de profiles actualizo correctamente al usuario: mariaSantos',
  level: 'info',
  timestamp: '2023-07-25T14:42:00.141Z'
}
{
  message: '[profileService] El servicio de actualizacion de profiles actualizo correctamente al usuario: GusLOP',
  level: 'info',
  timestamp: '2023-07-25T14:42:00.144Z'
}
{
  message: '[profileService] El servicio de profiles no pudo encontrar al usuario: osvaldoL',
  level: 'info',
  timestamp: '2023-07-25T14:43:12.303Z'
}
{
  message: '[profileService] El servicio de actualizacion de profiles actualizo correctamente al usuario: mariaSantos',
  level: 'info',
  timestamp: '2023-07-25T14:43:12.309Z'
}
{
  message: '[profileService] El servicio de actualizacion de profiles actualizo correctamente al usuario: GusLOP',
  level: 'info',
  timestamp: '2023-07-25T14:43:12.311Z'
}
{
  message: '[profileService] El servicio de profiles no pudo encontrar al usuario: osvaldoL',
  level: 'info',
  timestamp: '2023-07-25T14:44:11.382Z'
}
{
  message: '[profileService] El servicio de actualizacion de profiles actualizo correctamente al usuario: mariaSantos',
  level: 'info',
  timestamp: '2023-07-25T14:44:11.390Z'
}
{
  message: '[profileService] El servicio de actualizacion de profiles actualizo correctamente al usuario: GusLOP',
  level: 'info',
  timestamp: '2023-07-25T14:44:11.393Z'
}
{
  message: '[profileService] El servicio de profiles no pudo encontrar al usuario: osvaldoL',
  level: 'info',
  timestamp: '2023-07-25T14:47:07.870Z'
}
{
  message: '[profileService] El servicio de actualizacion de profiles actualizo correctamente al usuario: mariaSantos',
  level: 'info',
  timestamp: '2023-07-25T14:47:07.875Z'
}
{
  message: '[profileService] El servicio de actualizacion de profiles actualizo correctamente al usuario: GusLOP',
  level: 'info',
  timestamp: '2023-07-25T14:47:07.877Z'
}
{
  message: '[profileService] El servicio de profiles no pudo encontrar al usuario: osvaldoL',
  level: 'info',
  timestamp: '2023-07-25T14:50:07.357Z'
}
{
  message: '[profileService] El servicio de actualizacion de profiles actualizo correctamente al usuario: mariaSantos',
  level: 'info',
  timestamp: '2023-07-25T14:50:07.362Z'
}
{
  message: '[profileService] El servicio de actualizacion de profiles actualizo correctamente al usuario: GusLOP',
  level: 'info',
  timestamp: '2023-07-25T14:50:07.365Z'
}
{
  message: '[profileService] El servicio de profiles no pudo encontrar al usuario: osvaldoL',
  level: 'info',
  timestamp: '2023-07-26T13:47:22.815Z'
}
{
  message: '[profileService] El servicio de actualizacion de profiles actualizo correctamente al usuario: mariaSantos',
  level: 'info',
  timestamp: '2023-07-26T13:47:22.820Z'
}
{
  message: '[profileService] El servicio de actualizacion de profiles actualizo correctamente al usuario: GusLOP',
  level: 'info',
  timestamp: '2023-07-26T13:47:22.823Z'
}
{
  message: '[profileService] El servicio de profiles no pudo encontrar al usuario: osvaldoL',
  level: 'info',
  timestamp: '2023-07-26T13:48:02.476Z'
}
{
  message: '[profileService] El servicio de actualizacion de profiles actualizo correctamente al usuario: mariaSantos',
  level: 'info',
  timestamp: '2023-07-26T13:48:02.482Z'
}
{
  message: '[profileService] El servicio de actualizacion de profiles actualizo correctamente al usuario: GusLOP',
  level: 'info',
  timestamp: '2023-07-26T13:48:02.485Z'
}
{
  message: '[profileService] El servicio de profiles no pudo encontrar al usuario: osvaldoL',
  level: 'info',
  timestamp: '2023-07-26T13:58:14.311Z'
}
{
  message: '[profileService] El servicio de actualizacion de profiles actualizo correctamente al usuario: mariaSantos',
  level: 'info',
  timestamp: '2023-07-26T13:58:14.317Z'
}
{
  message: '[profileService] El servicio de actualizacion de profiles actualizo correctamente al usuario: GusLOP',
  level: 'info',
  timestamp: '2023-07-26T13:58:14.320Z'
}
{
  message: '[profileService] El servicio de profiles no pudo encontrar al usuario: osvaldoL',
  level: 'info',
  timestamp: '2023-07-26T14:10:38.086Z'
}
{
  message: '[profileService] El servicio de actualizacion de profiles actualizo correctamente al usuario: mariaSantos',
  level: 'info',
  timestamp: '2023-07-26T14:10:38.091Z'
}
{
  message: '[profileService] El servicio de actualizacion de profiles actualizo correctamente al usuario: GusLOP',
  level: 'info',
  timestamp: '2023-07-26T14:10:38.094Z'
}
{
  message: '[profileService] El servicio de profiles no pudo encontrar al usuario: osvaldoL',
  level: 'info',
  timestamp: '2023-07-26T14:24:55.262Z'
}
{
  message: '[profileService] El servicio de actualizacion de profiles actualizo correctamente al usuario: mariaSantos',
  level: 'info',
  timestamp: '2023-07-26T14:24:55.267Z'
}
{
  message: '[profileService] El servicio de actualizacion de profiles actualizo correctamente al usuario: GusLOP',
  level: 'info',
  timestamp: '2023-07-26T14:24:55.270Z'
}
{
  message: '[profileService] El servicio de profiles no pudo encontrar al usuario: osvaldoL',
  level: 'info',
  timestamp: '2023-07-27T12:12:35.060Z'
}
{
  message: '[profileService] El servicio de actualizacion de profiles actualizo correctamente al usuario: mariaSantos',
  level: 'info',
  timestamp: '2023-07-27T12:12:35.066Z'
}
{
  message: '[profileService] El servicio de actualizacion de profiles actualizo correctamente al usuario: GusLOP',
  level: 'info',
  timestamp: '2023-07-27T12:12:35.068Z'
}
{
  message: '[profileService] El servicio de profiles no pudo encontrar al usuario: osvaldoL',
  level: 'info',
  timestamp: '2023-07-27T12:15:07.743Z'
}
{
  message: '[profileService] El servicio de actualizacion de profiles actualizo correctamente al usuario: mariaSantos',
  level: 'info',
  timestamp: '2023-07-27T12:15:07.748Z'
}
{
  message: '[profileService] El servicio de actualizacion de profiles actualizo correctamente al usuario: GusLOP',
  level: 'info',
  timestamp: '2023-07-27T12:15:07.751Z'
}
{
  message: '[profileService] El servicio de profiles no pudo encontrar al usuario: osvaldoL',
  level: 'info',
  timestamp: '2023-07-27T12:19:28.396Z'
}
{
  message: '[profileService] El servicio de actualizacion de profiles actualizo correctamente al usuario: mariaSantos',
  level: 'info',
  timestamp: '2023-07-27T12:19:28.401Z'
}
{
  message: '[profileService] El servicio de actualizacion de profiles actualizo correctamente al usuario: GusLOP',
  level: 'info',
  timestamp: '2023-07-27T12:19:28.404Z'
}
{
  message: '[profileService] El servicio de profiles no pudo encontrar al usuario: osvaldoL',
  level: 'info',
  timestamp: '2023-07-27T12:20:13.467Z'
}
{
  message: '[profileService] El servicio de actualizacion de profiles actualizo correctamente al usuario: mariaSantos',
  level: 'info',
  timestamp: '2023-07-27T12:20:13.473Z'
}
{
  message: '[profileService] El servicio de actualizacion de profiles actualizo correctamente al usuario: GusLOP',
  level: 'info',
  timestamp: '2023-07-27T12:20:13.475Z'
}
{
  message: '[profileService] El servicio de actualizacion de profiles actualizo correctamente al usuario: mariaSantos',
  level: 'info',
  timestamp: '2023-07-27T12:23:36.959Z'
}
{
  message: '[profileService] El servicio de actualizacion de profiles actualizo correctamente al usuario: GusLOP',
  level: 'info',
  timestamp: '2023-07-27T12:23:36.965Z'
}
{
  message: '[profileService] El servicio de profiles no pudo encontrar al usuario: osvaldoL',
  level: 'info',
  timestamp: '2023-07-27T12:24:32.276Z'
}
{
  message: '[profileService] El servicio de actualizacion de profiles actualizo correctamente al usuario: mariaSantos',
  level: 'info',
  timestamp: '2023-07-27T12:24:32.281Z'
}
{
  message: '[profileService] El servicio de actualizacion de profiles actualizo correctamente al usuario: GusLOP',
  level: 'info',
  timestamp: '2023-07-27T12:24:32.284Z'
}
{
  message: '[profileService] El servicio de profiles no pudo encontrar al usuario: osvaldoL',
  level: 'info',
  timestamp: '2023-07-27T12:36:31.663Z'
}
{
  message: '[profileService] El servicio de actualizacion de profiles actualizo correctamente al usuario: mariaSantos',
  level: 'info',
  timestamp: '2023-07-27T12:36:31.668Z'
}
{
  message: '[profileService] El servicio de actualizacion de profiles actualizo correctamente al usuario: GusLOP',
  level: 'info',
  timestamp: '2023-07-27T12:36:31.671Z'
}
{
  message: '[profileService] El servicio de profiles no pudo encontrar al usuario: osvaldoL',
  level: 'info',
  timestamp: '2023-07-27T12:37:27.333Z'
}
{
  message: '[profileService] El servicio de actualizacion de profiles actualizo correctamente al usuario: mariaSantos',
  level: 'info',
  timestamp: '2023-07-27T12:37:27.339Z'
}
{
  message: '[profileService] El servicio de actualizacion de profiles actualizo correctamente al usuario: GusLOP',
  level: 'info',
  timestamp: '2023-07-27T12:37:27.341Z'
}
{
  message: '[profileService] El servicio de profiles no pudo encontrar al usuario: osvaldoL',
  level: 'info',
  timestamp: '2023-07-27T12:38:16.575Z'
}
{
  message: '[profileService] El servicio de actualizacion de profiles actualizo correctamente al usuario: mariaSantos',
  level: 'info',
  timestamp: '2023-07-27T12:38:16.581Z'
}
{
  message: '[profileService] El servicio de actualizacion de profiles actualizo correctamente al usuario: GusLOP',
  level: 'info',
  timestamp: '2023-07-27T12:38:16.583Z'
}
{
  message: '[profileService] El servicio de profiles no pudo encontrar al usuario: osvaldoL',
  level: 'info',
  timestamp: '2023-07-27T13:02:15.790Z'
}
{
  message: '[profileService] El servicio de actualizacion de profiles actualizo correctamente al usuario: mariaSantos',
  level: 'info',
  timestamp: '2023-07-27T13:02:15.795Z'
}
{
  message: '[profileService] El servicio de actualizacion de profiles actualizo correctamente al usuario: GusLOP',
  level: 'info',
  timestamp: '2023-07-27T13:02:15.798Z'
}
{
  message: '[profileService] El servicio de profiles no pudo encontrar al usuario: osvaldoL',
  level: 'info',
  timestamp: '2023-07-27T13:19:53.419Z'
}
{
  message: '[profileService] El servicio de actualizacion de profiles actualizo correctamente al usuario: mariaSantos',
  level: 'info',
  timestamp: '2023-07-27T13:19:53.424Z'
}
{
  message: '[profileService] El servicio de actualizacion de profiles actualizo correctamente al usuario: GusLOP',
  level: 'info',
  timestamp: '2023-07-27T13:19:53.426Z'
}
{
  message: '[profileService] El servicio de profiles no pudo encontrar al usuario: osvaldoL',
  level: 'info',
  timestamp: '2023-07-27T13:22:33.260Z'
}
{
  message: '[profileService] El servicio de actualizacion de profiles actualizo correctamente al usuario: mariaSantos',
  level: 'info',
  timestamp: '2023-07-27T13:22:33.265Z'
}
{
  message: '[profileService] El servicio de actualizacion de profiles actualizo correctamente al usuario: GusLOP',
  level: 'info',
  timestamp: '2023-07-27T13:22:33.267Z'
}
{
  message: '[profileService] El servicio de profiles no pudo encontrar al usuario: osvaldoL',
  level: 'info',
  timestamp: '2023-07-27T13:24:11.481Z'
}
{
  message: '[profileService] El servicio de actualizacion de profiles actualizo correctamente al usuario: mariaSantos',
  level: 'info',
  timestamp: '2023-07-27T13:24:11.486Z'
}
{
  message: '[profileService] El servicio de actualizacion de profiles actualizo correctamente al usuario: GusLOP',
  level: 'info',
  timestamp: '2023-07-27T13:24:11.489Z'
}
{
  message: '[profileService] El servicio de profiles no pudo encontrar al usuario: osvaldoL',
  level: 'info',
  timestamp: '2023-07-27T13:25:57.603Z'
}
{
  message: '[profileService] El servicio de actualizacion de profiles actualizo correctamente al usuario: mariaSantos',
  level: 'info',
  timestamp: '2023-07-27T13:25:57.608Z'
}
{
  message: '[profileService] El servicio de actualizacion de profiles actualizo correctamente al usuario: GusLOP',
  level: 'info',
  timestamp: '2023-07-27T13:25:57.611Z'
}
{
  message: '[profileService] El servicio de profiles no pudo encontrar al usuario: osvaldoL',
  level: 'info',
  timestamp: '2023-07-27T13:27:50.793Z'
}
{
  message: '[profileService] El servicio de actualizacion de profiles actualizo correctamente al usuario: mariaSantos',
  level: 'info',
  timestamp: '2023-07-27T13:27:50.798Z'
}
{
  message: '[profileService] El servicio de actualizacion de profiles actualizo correctamente al usuario: GusLOP',
  level: 'info',
  timestamp: '2023-07-27T13:27:50.800Z'
}
{
  message: '[profileService] El servicio de profiles no pudo encontrar al usuario: osvaldoL',
  level: 'info',
  timestamp: '2023-07-27T13:33:59.310Z'
}
{
  message: '[profileService] El servicio de actualizacion de profiles actualizo correctamente al usuario: mariaSantos',
  level: 'info',
  timestamp: '2023-07-27T13:33:59.315Z'
}
{
  message: '[profileService] El servicio de actualizacion de profiles actualizo correctamente al usuario: GusLOP',
  level: 'info',
  timestamp: '2023-07-27T13:33:59.319Z'
}
{
  message: '[profileService] El servicio de profiles no pudo encontrar al usuario: osvaldoL',
  level: 'info',
  timestamp: '2023-07-27T13:34:27.314Z'
}
{
  message: '[profileService] El servicio de actualizacion de profiles actualizo correctamente al usuario: mariaSantos',
  level: 'info',
  timestamp: '2023-07-27T13:34:27.319Z'
}
{
  message: '[profileService] El servicio de actualizacion de profiles actualizo correctamente al usuario: GusLOP',
  level: 'info',
  timestamp: '2023-07-27T13:34:27.321Z'
}
{
  message: '[profileService] El servicio de profiles no pudo encontrar al usuario: osvaldoL',
  level: 'info',
  timestamp: '2023-07-27T13:47:33.463Z'
}
{
  message: '[profileService] El servicio de actualizacion de profiles actualizo correctamente al usuario: mariaSantos',
  level: 'info',
  timestamp: '2023-07-27T13:47:33.468Z'
}
{
  message: '[profileService] El servicio de actualizacion de profiles actualizo correctamente al usuario: GusLOP',
  level: 'info',
  timestamp: '2023-07-27T13:47:33.471Z'
}
{
  message: '[profileService] El servicio de profiles no pudo encontrar al usuario: osvaldoL',
  level: 'info',
  timestamp: '2023-07-27T13:48:12.115Z'
}
{
  message: '[profileService] El servicio de actualizacion de profiles actualizo correctamente al usuario: mariaSantos',
  level: 'info',
  timestamp: '2023-07-27T13:48:12.118Z'
}
{
  message: '[profileService] El servicio de actualizacion de profiles actualizo correctamente al usuario: GusLOP',
  level: 'info',
  timestamp: '2023-07-27T13:48:12.121Z'
}
{
  message: '[profileService] El servicio de profiles no pudo encontrar al usuario: osvaldoL',
  level: 'info',
  timestamp: '2023-07-27T13:49:25.215Z'
}
{
  message: '[profileService] El servicio de actualizacion de profiles actualizo correctamente al usuario: mariaSantos',
  level: 'info',
  timestamp: '2023-07-27T13:49:25.220Z'
}
{
  message: '[profileService] El servicio de actualizacion de profiles actualizo correctamente al usuario: GusLOP',
  level: 'info',
  timestamp: '2023-07-27T13:49:25.222Z'
}
{
  message: '[profileService] El servicio de profiles no pudo encontrar al usuario: osvaldoL',
  level: 'info',
  timestamp: '2023-08-02T14:17:05.050Z'
}
{
  message: '[profileService] El servicio de actualizacion de profiles actualizo correctamente al usuario: mariaSantos',
  level: 'info',
  timestamp: '2023-08-02T14:17:05.056Z'
}
{
  message: '[profileService] El servicio de actualizacion de profiles actualizo correctamente al usuario: GusLOP',
  level: 'info',
  timestamp: '2023-08-02T14:17:05.058Z'
}
{
  message: '[profileService] El servicio de profiles no pudo encontrar al usuario: osvaldoL',
  level: 'info',
  timestamp: '2023-08-02T14:20:38.856Z'
}
{
  message: '[profileService] El servicio de actualizacion de profiles actualizo correctamente al usuario: mariaSantos',
  level: 'info',
  timestamp: '2023-08-02T14:20:38.860Z'
}
{
  message: '[profileService] El servicio de actualizacion de profiles actualizo correctamente al usuario: GusLOP',
  level: 'info',
  timestamp: '2023-08-02T14:20:38.863Z'
}
{
  message: "[view all Profile]: TypeError: Cannot read properties of undefined (reading 'getAll')",
  level: 'info',
  timestamp: '2023-08-04T14:24:37.441Z'
}
{
  message: "[view all Profile]: TypeError: Cannot read properties of undefined (reading 'getAll')",
  level: 'info',
  timestamp: '2023-08-04T14:25:35.206Z'
}
{
  message: "[view all Profile]: TypeError: Cannot read properties of undefined (reading 'getAll')",
  level: 'info',
  timestamp: '2023-08-04T14:31:19.221Z'
}
{
  message: "[view all Profile]: TypeError: Cannot read properties of undefined (reading 'getAll')",
  level: 'info',
  timestamp: '2023-08-04T14:38:26.633Z'
}
{
  message: "[view all Profile]: TypeError: Cannot read properties of undefined (reading 'getAll')",
  level: 'info',
  timestamp: '2023-08-04T14:39:21.714Z'
}
{
  message: '[server] Connected to port 3000',
  level: 'info',
  timestamp: '2023-08-04T16:07:39.187Z'
}
{
  message: '[db] Connected',
  level: 'info',
  timestamp: '2023-08-04T16:15:25.550Z'
}
{
  message: '[db] Connected',
  level: 'info',
  timestamp: '2023-08-04T16:17:54.756Z'
}
{
  message: '[profileService] El servicio de profiles no pudo encontrar al usuario: jjpepe',
  level: 'info',
  timestamp: '2023-08-04T17:00:44.333Z'
}
{
  message: '[profileService] El servicio de profiles no pudo encontrar al usuario: osvaldoL',
  level: 'info',
  timestamp: '2023-08-04T17:00:44.343Z'
}
{
  message: '[profileService] El servicio de actualizacion de profiles actualizo correctamente al usuario: mariaSantos',
  level: 'info',
  timestamp: '2023-08-04T17:00:44.345Z'
}
{
  message: '[profileService] El servicio de actualizacion de profiles actualizo correctamente al usuario: GusLOP',
  level: 'info',
  timestamp: '2023-08-04T17:00:44.354Z'
}
{
  message: '[profileService] El servicio de profiles no pudo encontrar al usuario: jjpepe',
  level: 'info',
  timestamp: '2023-08-04T17:03:31.698Z'
}
{
  message: '[profileService] El servicio de profiles no pudo encontrar al usuario: osvaldoL',
  level: 'info',
  timestamp: '2023-08-04T17:03:31.707Z'
}
{
  message: '[profileService] El servicio de actualizacion de profiles actualizo correctamente al usuario: mariaSantos',
  level: 'info',
  timestamp: '2023-08-04T17:03:31.710Z'
}
{
  message: '[profileService] El servicio de actualizacion de profiles actualizo correctamente al usuario: GusLOP',
  level: 'info',
  timestamp: '2023-08-04T17:03:31.717Z'
}
{
  message: '[profileService] El servicio de profiles no pudo encontrar al usuario: jjpepe',
  level: 'info',
  timestamp: '2023-08-04T17:05:47.849Z'
}
{
  message: '[profileService] El servicio de profiles no pudo encontrar al usuario: osvaldoL',
  level: 'info',
  timestamp: '2023-08-04T17:05:47.858Z'
}
{
  message: '[profileService] El servicio de actualizacion de profiles actualizo correctamente al usuario: mariaSantos',
  level: 'info',
  timestamp: '2023-08-04T17:05:47.861Z'
}
{
  message: '[profileService] El servicio de actualizacion de profiles actualizo correctamente al usuario: GusLOP',
  level: 'info',
  timestamp: '2023-08-04T17:05:47.868Z'
}
{
  message: '[profileService] El servicio de profiles no pudo encontrar al usuario: osvaldoL',
  level: 'info',
  timestamp: '2023-08-04T17:07:08.405Z'
}
{
  message: '[profileService] El servicio de actualizacion de profiles actualizo correctamente al usuario: mariaSantos',
  level: 'info',
  timestamp: '2023-08-04T17:07:08.411Z'
}
{
  message: '[profileService] El servicio de actualizacion de profiles actualizo correctamente al usuario: GusLOP',
  level: 'info',
  timestamp: '2023-08-04T17:07:08.413Z'
}
{
  message: '[profileService] El servicio de profiles no pudo encontrar al usuario: osvaldoL',
  level: 'info',
  timestamp: '2023-08-04T17:07:53.300Z'
}
{
  message: '[profileService] El servicio de actualizacion de profiles actualizo correctamente al usuario: mariaSantos',
  level: 'info',
  timestamp: '2023-08-04T17:07:53.306Z'
}
{
  message: '[profileService] El servicio de actualizacion de profiles actualizo correctamente al usuario: GusLOP',
  level: 'info',
  timestamp: '2023-08-04T17:07:53.309Z'
}
{
  message: '[profileService] El servicio de profiles no pudo encontrar al usuario: osvaldoL',
  level: 'info',
  timestamp: '2023-08-04T17:14:40.405Z'
}
{
  message: '[profileService] El servicio de actualizacion de profiles actualizo correctamente al usuario: mariaSantos',
  level: 'info',
  timestamp: '2023-08-04T17:14:40.409Z'
}
{
  message: '[profileService] El servicio de actualizacion de profiles actualizo correctamente al usuario: GusLOP',
  level: 'info',
  timestamp: '2023-08-04T17:14:40.411Z'
}
{
  message: '[profileService] El servicio de profiles no pudo encontrar al usuario: osvaldoL',
  level: 'info',
  timestamp: '2023-08-04T17:15:38.574Z'
}
{
  message: '[profileService] El servicio de actualizacion de profiles actualizo correctamente al usuario: mariaSantos',
  level: 'info',
  timestamp: '2023-08-04T17:15:38.579Z'
}
{
  message: '[profileService] El servicio de actualizacion de profiles actualizo correctamente al usuario: GusLOP',
  level: 'info',
  timestamp: '2023-08-04T17:15:38.581Z'
}
{
  message: '[db] Connected',
  level: 'info',
  timestamp: '2023-08-11T00:44:58.071Z'
}
{
  message: '[db connection error] Server selection timed out after 30000 ms',
  level: 'error',
  timestamp: '2023-08-11T00:59:56.065Z'
}
{
  message: '[db connection error] Server selection timed out after 30000 ms',
  level: 'error',
  timestamp: '2023-08-11T01:41:53.483Z'
}
{
  message: '[db connection error] Server selection timed out after 30000 ms',
  level: 'error',
  timestamp: '2023-08-11T01:43:11.589Z'
}
{
  message: '[db connection error] Server selection timed out after 30000 ms',
  level: 'error',
  timestamp: '2023-08-11T01:49:13.024Z'
}
{
  message: '[db connection error] connect ETIMEDOUT 172.25.0.2:27020',
  level: 'error',
  timestamp: '2023-08-11T01:50:38.960Z'
}
{
  message: '[db connection error] Server selection timed out after 30000 ms',
  level: 'error',
  timestamp: '2023-08-11T01:52:11.677Z'
}
{
  message: '[db connection error] getaddrinfo ENOTFOUND mongo',
  level: 'error',
  timestamp: '2023-08-11T02:23:55.719Z'
}
{
  message: '[db connection error] getaddrinfo ENOTFOUND mongo',
  level: 'error',
  timestamp: '2023-08-11T02:24:53.232Z'
}
{
  message: '[db connection error] Authentication failed.',
  level: 'error',
  timestamp: '2023-08-11T02:42:32.693Z'
}
{
  message: '[db] Connected',
  level: 'info',
  timestamp: '2023-08-11T02:46:51.908Z'
}
{
  message: '[db] Connected',
  level: 'info',
  timestamp: '2023-08-11T02:51:02.393Z'
}
{
  message: '[db] Connected',
  level: 'info',
  timestamp: '2023-08-11T02:54:02.643Z'
}
{
  message: '[db] Connected',
  level: 'info',
  timestamp: '2023-08-11T02:55:09.773Z'
}
{
  message: '[db] Connected',
  level: 'info',
  timestamp: '2023-08-11T02:56:50.331Z'
}
{
  message: '[db] Connected',
  level: 'info',
  timestamp: '2023-08-11T02:57:39.864Z'
}
{
  message: '[db] Connected',
  level: 'info',
  timestamp: '2023-08-11T03:05:53.564Z'
}
{
  message: '[db] Connected',
  level: 'info',
  timestamp: '2023-08-11T03:09:46.936Z'
}
{
  message: '[profileService] El servicio de profiles no pudo encontrar al usuario: osvaldoL',
  level: 'info',
  timestamp: '2023-08-18T00:41:28.110Z'
}
{
  message: '[profileService] El servicio de actualizacion de profiles actualizo correctamente al usuario: mariaSantos',
  level: 'info',
  timestamp: '2023-08-18T00:41:28.119Z'
}
{
  message: '[profileService] El servicio de actualizacion de profiles actualizo correctamente al usuario: GusLOP',
  level: 'info',
  timestamp: '2023-08-18T00:41:28.122Z'
}
{
  message: '[profileService] El servicio de profiles no pudo encontrar al usuario: osvaldoL',
  level: 'info',
  timestamp: '2023-08-18T01:04:09.113Z'
}
{
  message: '[profileService] El servicio de actualizacion de profiles actualizo correctamente al usuario: mariaSantos',
  level: 'info',
  timestamp: '2023-08-18T01:04:09.119Z'
}
{
  message: '[profileService] El servicio de actualizacion de profiles actualizo correctamente al usuario: GusLOP',
  level: 'info',
  timestamp: '2023-08-18T01:04:09.122Z'
}
